<?xml version="1.0" encoding="UTF-8"?>
<testng-results ignored="0" total="1" passed="0" failed="1" skipped="0">
  <reporter-output>
  </reporter-output>
  <suite started-at="2022-07-24T18:53:07 IST" name="MovieInfo Suite" finished-at="2022-07-24T18:53:21 IST" duration-ms="14087">
    <groups>
    </groups>
    <test started-at="2022-07-24T18:53:07 IST" name="MovieInfo" finished-at="2022-07-24T18:53:21 IST" duration-ms="14087">
      <class name="com.testScripts.MovieInformation">
        <test-method is-config="true" signature="openBrowser()[pri:0, instance:com.testScripts.MovieInformation@8462f31]" started-at="2022-07-24T18:53:02 IST" name="openBrowser" finished-at="2022-07-24T18:53:07 IST" duration-ms="5033" status="PASS">
          <reporter-output>
          </reporter-output>
        </test-method> <!-- openBrowser -->
        <test-method signature="VerifyDateandCountryFromImDBWiki(java.lang.String,java.lang.String,java.lang.String)[pri:1, instance:com.testScripts.MovieInformation@8462f31]" started-at="2022-07-24T18:53:07 IST" name="VerifyDateandCountryFromImDBWiki" finished-at="2022-07-24T18:53:20 IST" duration-ms="13531" status="FAIL">
          <params>
            <param index="0">
              <value>
                <![CDATA[https://www.imdb.com/]]>
              </value>
            </param>
            <param index="1">
              <value>
                <![CDATA[https://en.wikipedia.org/]]>
              </value>
            </param>
            <param index="2">
              <value>
                <![CDATA[Pusha: The Rise]]>
              </value>
            </param>
          </params>
          <exception class="java.lang.AssertionError">
            <message>
              <![CDATA[expected [Fri Dec 17 00:00:00 IST 2021] but found [Fri Jan 07 00:00:00 IST 2022]]]>
            </message>
            <full-stacktrace>
              <![CDATA[java.lang.AssertionError: expected [Fri Dec 17 00:00:00 IST 2021] but found [Fri Jan 07 00:00:00 IST 2022]
at org.testng.Assert.fail(Assert.java:99)
at org.testng.Assert.failNotEquals(Assert.java:1037)
at org.testng.Assert.assertEqualsImpl(Assert.java:140)
at org.testng.Assert.assertEquals(Assert.java:122)
at org.testng.Assert.assertEquals(Assert.java:617)
at com.testScripts.MovieInformation.VerifyDateandCountryFromImDBWiki(MovieInformation.java:53)
at java.base/jdk.internal.reflect.NativeMethodAccessorImpl.invoke0(Native Method)
at java.base/jdk.internal.reflect.NativeMethodAccessorImpl.invoke(NativeMethodAccessorImpl.java:62)
at java.base/jdk.internal.reflect.DelegatingMethodAccessorImpl.invoke(DelegatingMethodAccessorImpl.java:43)
at java.base/java.lang.reflect.Method.invoke(Method.java:566)
at org.testng.internal.MethodInvocationHelper.invokeMethod(MethodInvocationHelper.java:133)
at org.testng.internal.TestInvoker.invokeMethod(TestInvoker.java:598)
at org.testng.internal.TestInvoker.invokeTestMethod(TestInvoker.java:173)
at org.testng.internal.MethodRunner.runInSequence(MethodRunner.java:46)
at org.testng.internal.TestInvoker$MethodInvocationAgent.invoke(TestInvoker.java:824)
at org.testng.internal.TestInvoker.invokeTestMethods(TestInvoker.java:146)
at org.testng.internal.TestMethodWorker.invokeTestMethods(TestMethodWorker.java:146)
at org.testng.internal.TestMethodWorker.run(TestMethodWorker.java:128)
at java.base/java.util.ArrayList.forEach(ArrayList.java:1541)
at org.testng.TestRunner.privateRun(TestRunner.java:794)
at org.testng.TestRunner.run(TestRunner.java:596)
at org.testng.SuiteRunner.runTest(SuiteRunner.java:377)
at org.testng.SuiteRunner.runSequentially(SuiteRunner.java:371)
at org.testng.SuiteRunner.privateRun(SuiteRunner.java:332)
at org.testng.SuiteRunner.run(SuiteRunner.java:276)
at org.testng.SuiteRunnerWorker.runSuite(SuiteRunnerWorker.java:53)
at org.testng.SuiteRunnerWorker.run(SuiteRunnerWorker.java:96)
at org.testng.TestNG.runSuitesSequentially(TestNG.java:1212)
at org.testng.TestNG.runSuitesLocally(TestNG.java:1134)
at org.testng.TestNG.runSuites(TestNG.java:1063)
at org.testng.TestNG.run(TestNG.java:1031)
at org.testng.remote.AbstractRemoteTestNG.run(AbstractRemoteTestNG.java:115)
at org.testng.remote.RemoteTestNG.initAndRun(RemoteTestNG.java:251)
at org.testng.remote.RemoteTestNG.main(RemoteTestNG.java:77)
]]>
            </full-stacktrace>
          </exception> <!-- java.lang.AssertionError -->
          <reporter-output>
          </reporter-output>
        </test-method> <!-- VerifyDateandCountryFromImDBWiki -->
        <test-method is-config="true" signature="closeBrowser()[pri:0, instance:com.testScripts.MovieInformation@8462f31]" started-at="2022-07-24T18:53:21 IST" name="closeBrowser" finished-at="2022-07-24T18:53:22 IST" duration-ms="1156" status="PASS">
          <reporter-output>
          </reporter-output>
        </test-method> <!-- closeBrowser -->
      </class> <!-- com.testScripts.MovieInformation -->
    </test> <!-- MovieInfo -->
  </suite> <!-- MovieInfo Suite -->
</testng-results>
